<?xml version="1.0" encoding="UTF-8"?>
<testng-results skipped="0" failed="0" ignored="0" total="1" passed="1">
  <reporter-output>
  </reporter-output>
  <suite name="Suite" duration-ms="92288" started-at="2020-07-10T12:26:56 IST" finished-at="2020-07-10T12:28:28 IST">
    <groups>
    </groups>
    <test name="Test" duration-ms="92288" started-at="2020-07-10T12:26:56 IST" finished-at="2020-07-10T12:28:28 IST">
      <class name="com.dyt.ors.regression.AddProductsWithAllFieds">
        <test-method status="PASS" signature="setupReport()[pri:0, instance:com.dyt.ors.regression.AddProductsWithAllFieds@4b1c1ea0]" name="setupReport" is-config="true" duration-ms="171" started-at="2020-07-10T12:26:56 IST" finished-at="2020-07-10T12:26:56 IST">
          <reporter-output>
          </reporter-output>
        </test-method> <!-- setupReport -->
        <test-method status="PASS" signature="launchBrowser(java.lang.reflect.Method)[pri:0, instance:com.dyt.ors.regression.AddProductsWithAllFieds@4b1c1ea0]" name="launchBrowser" is-config="true" duration-ms="20458" started-at="2020-07-10T12:26:56 IST" finished-at="2020-07-10T12:27:16 IST">
          <params>
            <param index="0">
              <value>
                <![CDATA[public static void com.dyt.ors.regression.AddProductsWithAllFieds.TC014_addProductswithoutMaindatoryFields()]]>
              </value>
            </param>
          </params>
          <reporter-output>
          </reporter-output>
        </test-method> <!-- launchBrowser -->
        <test-method status="PASS" signature="TC014_addProductswithoutMaindatoryFields()[pri:0, instance:com.dyt.ors.regression.AddProductsWithAllFieds@4b1c1ea0]" name="TC014_addProductswithoutMaindatoryFields" duration-ms="69535" started-at="2020-07-10T12:27:16 IST" finished-at="2020-07-10T12:28:26 IST">
          <reporter-output>
          </reporter-output>
        </test-method> <!-- TC014_addProductswithoutMaindatoryFields -->
        <test-method status="PASS" signature="closeBrowser()[pri:0, instance:com.dyt.ors.regression.AddProductsWithAllFieds@4b1c1ea0]" name="closeBrowser" is-config="true" duration-ms="2246" started-at="2020-07-10T12:28:26 IST" finished-at="2020-07-10T12:28:28 IST">
          <reporter-output>
          </reporter-output>
        </test-method> <!-- closeBrowser -->
        <test-method status="PASS" signature="flushReportAndOpen()[pri:0, instance:com.dyt.ors.regression.AddProductsWithAllFieds@4b1c1ea0]" name="flushReportAndOpen" is-config="true" duration-ms="10356" started-at="2020-07-10T12:28:28 IST" finished-at="2020-07-10T12:28:38 IST">
          <reporter-output>
          </reporter-output>
        </test-method> <!-- flushReportAndOpen -->
      </class> <!-- com.dyt.ors.regression.AddProductsWithAllFieds -->
    </test> <!-- Test -->
  </suite> <!-- Suite -->
</testng-results>
